# JRE version: OpenJDK Runtime Environment Temurin-17.0.11+9 (17.0.11+9) (build 17.0.11+9)
# Java VM: OpenJDK 64-Bit Server VM Temurin-17.0.11+9 (17.0.11+9, mixed mode, emulated-client, tiered, compressed oops, compressed class ptrs, g1 gc, windows-amd64)
GC Precious Log:
 CPUs: 4 total, 4 available
 Memory: 3934M
 Large Page Support: Disabled
 NUMA Support: Disabled
 Compressed Oops: Enabled (32-bit)
 Heap Region Size: 1M
 Heap Min Capacity: 8M
 Heap Initial Capacity: 62M
 Heap Max Capacity: 1G
 Pre-touch: Disabled
 Parallel Workers: 4
 Concurrent Workers: 1
 Concurrent Refinement Workers: 4
 Periodic GC: Disabled
Heap:
 garbage-first heap   total 130048K, used 41627K [0x00000000c0000000, 0x0000000100000000)
  region size 1024K, 1 young (1024K), 0 survivors (0K)
 Metaspace       used 61461K, committed 62016K, reserved 1114112K
  class space    used 7703K, committed 7936K, reserved 1048576K
GC Heap History (20 events):
Event: 3689.178 GC heap before
{Heap before GC invocations=267 (full 227):
 garbage-first heap   total 130048K, used 41627K [0x00000000c0000000, 0x0000000100000000)
  region size 1024K, 1 young (1024K), 0 survivors (0K)
 Metaspace       used 61461K, committed 62016K, reserved 1114112K
  class space    used 7703K, committed 7936K, reserved 1048576K
}
Event: 3689.595 GC heap after
{Heap after GC invocations=268 (full 228):
 garbage-first heap   total 130048K, used 41627K [0x00000000c0000000, 0x0000000100000000)
  region size 1024K, 0 young (0K), 0 survivors (0K)
 Metaspace       used 61461K, committed 62016K, reserved 1114112K
  class space    used 7703K, committed 7936K, reserved 1048576K
}
Event: 3700.147 GC heap before
{Heap before GC invocations=268 (full 228):
 garbage-first heap   total 130048K, used 41627K [0x00000000c0000000, 0x0000000100000000)
  region size 1024K, 1 young (1024K), 0 survivors (0K)
 Metaspace       used 61461K, committed 62016K, reserved 1114112K
  class space    used 7703K, committed 7936K, reserved 1048576K
}
Event: 3700.204 GC heap after
{Heap after GC invocations=269 (full 229):
 garbage-first heap   total 130048K, used 41627K [0x00000000c0000000, 0x0000000100000000)
  region size 1024K, 0 young (0K), 0 survivors (0K)
 Metaspace       used 61461K, committed 62016K, reserved 1114112K
  class space    used 7703K, committed 7936K, reserved 1048576K
}
Event: 3711.042 GC heap before
{Heap before GC invocations=269 (full 229):
 garbage-first heap   total 130048K, used 41627K [0x00000000c0000000, 0x0000000100000000)
  region size 1024K, 1 young (1024K), 0 survivors (0K)
 Metaspace       used 61461K, committed 62016K, reserved 1114112K
  class space    used 7703K, committed 7936K, reserved 1048576K
}
Event: 3711.609 GC heap after
{Heap after GC invocations=270 (full 230):
 garbage-first heap   total 130048K, used 41627K [0x00000000c0000000, 0x0000000100000000)
  region size 1024K, 0 young (0K), 0 survivors (0K)
 Metaspace       used 61461K, committed 62016K, reserved 1114112K
  class space    used 7703K, committed 7936K, reserved 1048576K
}
Event: 3722.155 GC heap before
{Heap before GC invocations=270 (full 230):
 garbage-first heap   total 130048K, used 41627K [0x00000000c0000000, 0x0000000100000000)
  region size 1024K, 1 young (1024K), 0 survivors (0K)
 Metaspace       used 61461K, committed 62016K, reserved 1114112K
  class space    used 7703K, committed 7936K, reserved 1048576K
}
Event: 3722.226 GC heap after
{Heap after GC invocations=271 (full 231):
 garbage-first heap   total 130048K, used 41627K [0x00000000c0000000, 0x0000000100000000)
  region size 1024K, 0 young (0K), 0 survivors (0K)
 Metaspace       used 61461K, committed 62016K, reserved 1114112K
  class space    used 7703K, committed 7936K, reserved 1048576K
}
Event: 3732.637 GC heap before
{Heap before GC invocations=271 (full 231):
 garbage-first heap   total 130048K, used 41627K [0x00000000c0000000, 0x0000000100000000)
  region size 1024K, 1 young (1024K), 0 survivors (0K)
 Metaspace       used 61461K, committed 62016K, reserved 1114112K
  class space    used 7703K, committed 7936K, reserved 1048576K
}
Event: 3732.696 GC heap after
{Heap after GC invocations=272 (full 232):
 garbage-first heap   total 130048K, used 41627K [0x00000000c0000000, 0x0000000100000000)
  region size 1024K, 0 young (0K), 0 survivors (0K)
 Metaspace       used 61461K, committed 62016K, reserved 1114112K
  class space    used 7703K, committed 7936K, reserved 1048576K
}
Event: 3743.378 GC heap before
{Heap before GC invocations=272 (full 232):
 garbage-first heap   total 130048K, used 41627K [0x00000000c0000000, 0x0000000100000000)
  region size 1024K, 1 young (1024K), 0 survivors (0K)
 Metaspace       used 61461K, committed 62016K, reserved 1114112K
  class space    used 7703K, committed 7936K, reserved 1048576K
}
Event: 3743.440 GC heap after
{Heap after GC invocations=273 (full 233):
 garbage-first heap   total 130048K, used 41627K [0x00000000c0000000, 0x0000000100000000)
  region size 1024K, 0 young (0K), 0 survivors (0K)
 Metaspace       used 61461K, committed 62016K, reserved 1114112K
  class space    used 7703K, committed 7936K, reserved 1048576K
}
Event: 3755.403 GC heap before
{Heap before GC invocations=273 (full 233):
 garbage-first heap   total 130048K, used 41627K [0x00000000c0000000, 0x0000000100000000)
  region size 1024K, 1 young (1024K), 0 survivors (0K)
 Metaspace       used 61461K, committed 62016K, reserved 1114112K
  class space    used 7703K, committed 7936K, reserved 1048576K
}
Event: 3755.512 GC heap after
{Heap after GC invocations=274 (full 234):
 garbage-first heap   total 130048K, used 41627K [0x00000000c0000000, 0x0000000100000000)
  region size 1024K, 0 young (0K), 0 survivors (0K)
 Metaspace       used 61461K, committed 62016K, reserved 1114112K
  class space    used 7703K, committed 7936K, reserved 1048576K
}
Event: 3780.369 GC heap before
{Heap before GC invocations=274 (full 234):
 garbage-first heap   total 130048K, used 41627K [0x00000000c0000000, 0x0000000100000000)
  region size 1024K, 1 young (1024K), 0 survivors (0K)
 Metaspace       used 61461K, committed 62016K, reserved 1114112K
  class space    used 7703K, committed 7936K, reserved 1048576K
}
Event: 3781.721 GC heap after
{Heap after GC invocations=275 (full 235):
 garbage-first heap   total 130048K, used 41627K [0x00000000c0000000, 0x0000000100000000)
  region size 1024K, 0 young (0K), 0 survivors (0K)
 Metaspace       used 61461K, committed 62016K, reserved 1114112K
  class space    used 7703K, committed 7936K, reserved 1048576K
}
Event: 3794.422 GC heap before
{Heap before GC invocations=275 (full 235):
 garbage-first heap   total 130048K, used 41627K [0x00000000c0000000, 0x0000000100000000)
  region size 1024K, 1 young (1024K), 0 survivors (0K)
 Metaspace       used 61461K, committed 62016K, reserved 1114112K
  class space    used 7703K, committed 7936K, reserved 1048576K
}
Event: 3796.421 GC heap after
{Heap after GC invocations=276 (full 236):
 garbage-first heap   total 130048K, used 41627K [0x00000000c0000000, 0x0000000100000000)
  region size 1024K, 0 young (0K), 0 survivors (0K)
 Metaspace       used 61461K, committed 62016K, reserved 1114112K
  class space    used 7703K, committed 7936K, reserved 1048576K
}
Event: 3808.966 GC heap before
{Heap before GC invocations=276 (full 236):
 garbage-first heap   total 130048K, used 41627K [0x00000000c0000000, 0x0000000100000000)
  region size 1024K, 1 young (1024K), 0 survivors (0K)
 Metaspace       used 61461K, committed 62016K, reserved 1114112K
  class space    used 7703K, committed 7936K, reserved 1048576K
}
Event: 3810.294 GC heap after
{Heap after GC invocations=277 (full 237):
 garbage-first heap   total 130048K, used 41627K [0x00000000c0000000, 0x0000000100000000)
  region size 1024K, 0 young (0K), 0 survivors (0K)
 Metaspace       used 61461K, committed 62016K, reserved 1114112K
  class space    used 7703K, committed 7936K, reserved 1048576K
}

